<?xml version="1.0" encoding="UTF-8"?>
<testng-results ignored="2" total="3" passed="1" failed="0" skipped="0">
  <reporter-output>
  </reporter-output>
  <suite started-at="2023-12-11T12:20:14 IST" name="Default suite" finished-at="2023-12-11T12:20:19 IST" duration-ms="5074">
    <groups>
    </groups>
    <test started-at="2023-12-11T12:20:14 IST" name="Default test" finished-at="2023-12-11T12:20:19 IST" duration-ms="5074">
      <class name="userManagement.getUsers2">
        <test-method signature="validateResponseHasItems()[pri:0, instance:userManagement.getUsers2@59af0466]" started-at="2023-12-11T12:20:14 IST" name="validateResponseHasItems" finished-at="2023-12-11T12:20:19 IST" duration-ms="5006" status="PASS">
          <reporter-output>
          </reporter-output>
        </test-method> <!-- validateResponseHasItems -->
      </class> <!-- userManagement.getUsers2 -->
    </test> <!-- Default test -->
  </suite> <!-- Default suite -->
</testng-results>
