<?xml version="1.0" encoding="UTF-8"?>
<!-- Generated by org.testng.reporters.JUnitXMLReporter -->
<testsuite ignored="2" hostname="A4010L" failures="0" tests="1" name="Default test" time="5.074" errors="0" timestamp="2023-12-11T12:20:19 IST">
  <testcase classname="userManagement.getUsers2" name="validateResponseHasItems" time="5.006"/>
  <testcase classname="userManagement.getUsers2" name="validateGetResponseBody" time="0.0">
    <ignored/>
  </testcase> <!-- validateGetResponseBody -->
  <testcase classname="userManagement.getUsers2" name="getUserData" time="0.0">
    <ignored/>
  </testcase> <!-- getUserData -->
</testsuite> <!-- Default test -->
