<?xml version="1.0" encoding="UTF-8"?>
<testng-results ignored="0" total="1" passed="1" failed="0" skipped="0">
  <reporter-output>
  </reporter-output>
  <suite started-at="2024-02-05T12:53:21 IST" name="Default suite" finished-at="2024-02-05T12:53:25 IST" duration-ms="3826">
    <groups>
    </groups>
    <test started-at="2024-02-05T12:53:21 IST" name="Default test" finished-at="2024-02-05T12:53:25 IST" duration-ms="3826">
      <class name="userManagement.RunTestWithPropertiesFiles">
        <test-method signature="readServerAddressFromPropertyfile()[pri:0, instance:userManagement.RunTestWithPropertiesFiles@2e55dd0c]" started-at="2024-02-05T12:53:21 IST" name="readServerAddressFromPropertyfile" finished-at="2024-02-05T12:53:25 IST" duration-ms="3782" status="PASS">
          <reporter-output>
          </reporter-output>
        </test-method> <!-- readServerAddressFromPropertyfile -->
      </class> <!-- userManagement.RunTestWithPropertiesFiles -->
    </test> <!-- Default test -->
  </suite> <!-- Default suite -->
</testng-results>
